Unity Editor version:    2021.3.20f1 (577897200b8b)
Branch:                  2021.3/staging
Build type:              Release
Batch mode:              YES
macOS version:           Version 11.4 (Build 20F71)
Darwin version:          20.5.0
Architecture:            x86_64
Running under Rosetta:   NO
Available memory:        16384 MB
Using pre-set license
Pro License: YES

COMMAND LINE ARGUMENTS:
/Applications/Unity/Hub/Editor/2021.3.20f1/Unity.app/Contents/MacOS/Unity
-adb2
-batchMode
-noUpm
-name
AssetImportWorker1
-projectPath
/Users/jingtan/Documents/GitHub/shuriken-vfx-magic
-logFile
Logs/AssetImportWorker1.log
-srvPort
59701
Successfully changed project path to: /Users/jingtan/Documents/GitHub/shuriken-vfx-magic
/Users/jingtan/Documents/GitHub/shuriken-vfx-magic
[UnityMemory] Configuration Parameters - Can be set up in boot.config
    "memorysetup-bucket-allocator-granularity=16"
    "memorysetup-bucket-allocator-bucket-count=8"
    "memorysetup-bucket-allocator-block-size=33554432"
    "memorysetup-bucket-allocator-block-count=8"
    "memorysetup-main-allocator-block-size=16777216"
    "memorysetup-thread-allocator-block-size=16777216"
    "memorysetup-gfx-main-allocator-block-size=16777216"
    "memorysetup-gfx-thread-allocator-block-size=16777216"
    "memorysetup-cache-allocator-block-size=4194304"
    "memorysetup-typetree-allocator-block-size=2097152"
    "memorysetup-profiler-bucket-allocator-granularity=16"
    "memorysetup-profiler-bucket-allocator-bucket-count=8"
    "memorysetup-profiler-bucket-allocator-block-size=33554432"
    "memorysetup-profiler-bucket-allocator-block-count=8"
    "memorysetup-profiler-allocator-block-size=16777216"
    "memorysetup-profiler-editor-allocator-block-size=1048576"
    "memorysetup-temp-allocator-size-main=16777216"
    "memorysetup-job-temp-allocator-block-size=2097152"
    "memorysetup-job-temp-allocator-block-size-background=1048576"
    "memorysetup-job-temp-allocator-reduction-small-platforms=262144"
    "memorysetup-temp-allocator-size-background-worker=32768"
    "memorysetup-temp-allocator-size-job-worker=262144"
    "memorysetup-temp-allocator-size-preload-manager=33554432"
    "memorysetup-temp-allocator-size-nav-mesh-worker=65536"
    "memorysetup-temp-allocator-size-audio-worker=65536"
    "memorysetup-temp-allocator-size-cloud-worker=32768"
    "memorysetup-temp-allocator-size-gi-baking-worker=262144"
    "memorysetup-temp-allocator-size-gfx=262144"
Player connection [4733107712] Host "[IP] 192.168.1.218 [Port] 0 [Flags] 2 [Guid] 1524026471 [EditorId] 1524026471 [Version] 1048832 [Id] OSXEditor(0,Jings-MacBook-Pro) [Debug] 1 [PackageName] OSXEditor [ProjectName] Editor" joined multi-casting on [225.0.0.222:54997]...

Player connection [4733107712] Host "[IP] 192.168.1.218 [Port] 0 [Flags] 2 [Guid] 1524026471 [EditorId] 1524026471 [Version] 1048832 [Id] OSXEditor(0,Jings-MacBook-Pro) [Debug] 1 [PackageName] OSXEditor [ProjectName] Editor" joined alternative multi-casting on [225.0.0.222:34997]...

Refreshing native plugins compatible for Editor in 74.90 ms, found 3 plugins.
Preloading 0 native plugins for Editor in 0.00 ms.
Initialize engine version: 2021.3.20f1 (577897200b8b)
[Subsystems] Discovering subsystems at path /Applications/Unity/Hub/Editor/2021.3.20f1/Unity.app/Contents/Resources/UnitySubsystems
[Subsystems] Discovering subsystems at path /Users/jingtan/Documents/GitHub/shuriken-vfx-magic/Assets
GfxDevice: creating device client; threaded=0; jobified=0
Color LCD preferred device: AMD Radeon Pro 5500M (high power)
Metal devices available: 2
0: AMD Radeon Pro 5500M (high power)
1: Intel(R) UHD Graphics 630 (low power)
Using device AMD Radeon Pro 5500M (high power)
Initializing Metal device caps: AMD Radeon Pro 5500M
Initialize mono
Mono path[0] = '/Applications/Unity/Hub/Editor/2021.3.20f1/Unity.app/Contents/Managed'
Mono path[1] = '/Applications/Unity/Hub/Editor/2021.3.20f1/Unity.app/Contents/MonoBleedingEdge/lib/mono/unityjit-macos'
Mono config path = '/Applications/Unity/Hub/Editor/2021.3.20f1/Unity.app/Contents/MonoBleedingEdge/etc'
Using monoOptions --debugger-agent=transport=dt_socket,embedding=1,server=y,suspend=n,address=127.0.0.1:56410
Begin MonoManager ReloadAssembly
Registering precompiled unity dll's ...
Register platform support module: /Applications/Unity/Hub/Editor/2021.3.20f1/Unity.app/Contents/PlaybackEngines/MacStandaloneSupport/UnityEditor.OSXStandalone.Extensions.dll
Register platform support module: /Applications/Unity/Hub/Editor/2021.3.20f1/PlaybackEngines/AndroidPlayer/UnityEditor.Android.Extensions.dll
Register platform support module: /Applications/Unity/Hub/Editor/2021.3.20f1/PlaybackEngines/iOSSupport/UnityEditor.iOS.Extensions.dll
Registered in 0.009442 seconds.
[usbmuxd] Start listen thread
[usbmuxd] Listen thread started
[usbmuxd] Send listen message
Native extension for iOS target not found
Native extension for Android target not found
Android Extension - Scanning For ADB Devices 104 ms
Native extension for OSXStandalone target not found
Refreshing native plugins compatible for Editor in 50.21 ms, found 3 plugins.
Preloading 0 native plugins for Editor in 0.00 ms.
Mono: successfully reloaded assembly
- Completed reload, in  1.107 seconds
Domain Reload Profiling:
	ReloadAssembly (1107ms)
		BeginReloadAssembly (185ms)
			ExecutionOrderSort (0ms)
			DisableScriptedObjects (0ms)
			BackupInstance (0ms)
			ReleaseScriptingObjects (0ms)
			CreateAndSetChildDomain (1ms)
		EndReloadAssembly (776ms)
			LoadAssemblies (189ms)
			RebuildTransferFunctionScriptingTraits (0ms)
			SetupTypeCache (175ms)
			ReleaseScriptCaches (0ms)
			RebuildScriptCaches (38ms)
			SetupLoadedEditorAssemblies (494ms)
				LogAssemblyErrors (0ms)
				InitializePlatformSupportModulesInManaged (271ms)
				SetLoadedEditorAssemblies (0ms)
				RefreshPlugins (50ms)
				BeforeProcessingInitializeOnLoad (2ms)
				ProcessInitializeOnLoadAttributes (109ms)
				ProcessInitializeOnLoadMethodAttributes (62ms)
				AfterProcessingInitializeOnLoad (0ms)
				EditorAssembliesLoaded (0ms)
			ExecutionOrderSort2 (0ms)
			AwakeInstancesAfterBackupRestoration (0ms)
Platform modules already initialized, skipping
Registering precompiled user dll's ...
Registered in 0.004999 seconds.
Begin MonoManager ReloadAssembly
Native extension for iOS target not found
Native extension for Android target not found
Native extension for OSXStandalone target not found
Refreshing native plugins compatible for Editor in 0.75 ms, found 3 plugins.
Preloading 0 native plugins for Editor in 0.00 ms.
Mono: successfully reloaded assembly
- Completed reload, in  1.640 seconds
Domain Reload Profiling:
	ReloadAssembly (1641ms)
		BeginReloadAssembly (185ms)
			ExecutionOrderSort (0ms)
			DisableScriptedObjects (8ms)
			BackupInstance (0ms)
			ReleaseScriptingObjects (0ms)
			CreateAndSetChildDomain (42ms)
		EndReloadAssembly (1290ms)
			LoadAssemblies (224ms)
			RebuildTransferFunctionScriptingTraits (0ms)
			SetupTypeCache (360ms)
			ReleaseScriptCaches (1ms)
			RebuildScriptCaches (77ms)
			SetupLoadedEditorAssemblies (584ms)
				LogAssemblyErrors (0ms)
				InitializePlatformSupportModulesInManaged (40ms)
				SetLoadedEditorAssemblies (1ms)
				RefreshPlugins (1ms)
				BeforeProcessingInitializeOnLoad (81ms)
				ProcessInitializeOnLoadAttributes (266ms)
				ProcessInitializeOnLoadMethodAttributes (193ms)
				AfterProcessingInitializeOnLoad (3ms)
				EditorAssembliesLoaded (0ms)
			ExecutionOrderSort2 (0ms)
			AwakeInstancesAfterBackupRestoration (5ms)
Platform modules already initialized, skipping
========================================================================
Worker process is ready to serve import requests
Launching external process: /Applications/Unity/Hub/Editor/2021.3.20f1/Unity.app/Contents/Tools/UnityShaderCompiler
Launched and connected shader compiler UnityShaderCompiler after 0.03 seconds
Refreshing native plugins compatible for Editor in 0.65 ms, found 3 plugins.
Preloading 0 native plugins for Editor in 0.00 ms.
Unloading 2648 Unused Serialized files (Serialized files now loaded: 0)
Unloading 74 unused Assets / (1.3 MB). Loaded Objects now: 3096.
Memory consumption went from 119.4 MB to 118.1 MB.
Total: 7.327831 ms (FindLiveObjects: 0.217911 ms CreateObjectMapping: 0.134368 ms MarkObjects: 6.592031 ms  DeleteObjects: 0.382657 ms)

AssetImportParameters requested are different than current active one (requested -> active):
  custom:video-decoder-ogg-theora: a1e56fd34408186e4bbccfd4996cb3dc -> 
  custom:container-muxer-webm: aa71ff27fc2769a1b78a27578f13a17b -> 
  custom:container-demuxer-webm: 4f35f7cbe854078d1ac9338744f61a02 -> 
  custom:video-encoder-webm-vp8: eb34c28f22e8b96e1ab97ce403110664 -> 
  custom:framework-osx-AVFoundation: e770b220cccbd017edd2c1fefb359320 -> 
  custom:audio-encoder-webm-vorbis: bf7c407c2cedff20999df2af8eb42d56 -> 
  custom:container-demuxer-ogg: 62fdf1f143b41e24485cea50d1cbac27 -> 
  custom:video-decoder-webm-vp8: 9c59270c3fd7afecdb556c50c9e8de78 -> 
  custom:audio-decoder-ogg-vorbis: bf7c407c2cedff20999df2af8eb42d56 -> 
========================================================================
Received Import Request.
  Time since last request: 137561.866830 seconds.
  path: Assets/UI/Card/TarotCardFrame_002.png
  artifactKey: Guid(91e87265cbc1642469cb77d32b9aabc0) Importer(815301076,1909f56bfc062723c751e8b465ee728b)
Start importing Assets/UI/Card/TarotCardFrame_002.png using Guid(91e87265cbc1642469cb77d32b9aabc0) Importer(815301076,1909f56bfc062723c751e8b465ee728b)  -> (artifact id: 'b4bda9bb03c408080569f908109971be') in 2.529981 seconds 
========================================================================
Received Import Request.
  Time since last request: 0.005399 seconds.
  path: Assets/UI/Card/TarotCardFrame_Grey_001_1.png
  artifactKey: Guid(87e9bf81747794ff8a8fe38cccc957c9) Importer(815301076,1909f56bfc062723c751e8b465ee728b)
Start importing Assets/UI/Card/TarotCardFrame_Grey_001_1.png using Guid(87e9bf81747794ff8a8fe38cccc957c9) Importer(815301076,1909f56bfc062723c751e8b465ee728b)  -> (artifact id: '72aa55e0314ae42fec364b8a7dd28ff9') in 0.022670 seconds 
========================================================================
Received Import Request.
  Time since last request: 0.000075 seconds.
  path: Assets/UI/Card/TarotCardFrame_005.png
  artifactKey: Guid(ce9ee83a4c1524fdea41e49c22eae2cf) Importer(815301076,1909f56bfc062723c751e8b465ee728b)
Start importing Assets/UI/Card/TarotCardFrame_005.png using Guid(ce9ee83a4c1524fdea41e49c22eae2cf) Importer(815301076,1909f56bfc062723c751e8b465ee728b)  -> (artifact id: '31bba78604c9dbaaf2c101fb15d1929f') in 0.041315 seconds 
========================================================================
Received Import Request.
  Time since last request: 0.000056 seconds.
  path: Assets/UI/Card/TarotCardFrame_002_1.png
  artifactKey: Guid(4ad57f3eb7c0e48f581363cb8b60cd6d) Importer(815301076,1909f56bfc062723c751e8b465ee728b)
Start importing Assets/UI/Card/TarotCardFrame_002_1.png using Guid(4ad57f3eb7c0e48f581363cb8b60cd6d) Importer(815301076,1909f56bfc062723c751e8b465ee728b)  -> (artifact id: 'b5b22fb072806d55dfa3e1c60d9b6b2e') in 0.012802 seconds 
========================================================================
Received Import Request.
  Time since last request: 0.000068 seconds.
  path: Assets/UI/Card/TarotCardFrame_006.png
  artifactKey: Guid(86b2fa6cca5fb459dad6c3be8cbd0154) Importer(815301076,1909f56bfc062723c751e8b465ee728b)
Start importing Assets/UI/Card/TarotCardFrame_006.png using Guid(86b2fa6cca5fb459dad6c3be8cbd0154) Importer(815301076,1909f56bfc062723c751e8b465ee728b)  -> (artifact id: '74e7b18b328ffd3f81a55761a6125563') in 0.028164 seconds 
========================================================================
Received Import Request.
  Time since last request: 0.000052 seconds.
  path: Assets/UI/Card/TarotCardFrame_003.png
  artifactKey: Guid(29455a94205124cfcbe681808ad83997) Importer(815301076,1909f56bfc062723c751e8b465ee728b)
Start importing Assets/UI/Card/TarotCardFrame_003.png using Guid(29455a94205124cfcbe681808ad83997) Importer(815301076,1909f56bfc062723c751e8b465ee728b)  -> (artifact id: '593a06751564e1d8a0d8ba0662290852') in 0.013303 seconds 
========================================================================
Received Import Request.
  Time since last request: 8.961696 seconds.
  path: Assets/UI/Card/TarotCardFrame_004.png
  artifactKey: Guid(aaccf36e537c140689af50d311b55293) Importer(815301076,1909f56bfc062723c751e8b465ee728b)
Start importing Assets/UI/Card/TarotCardFrame_004.png using Guid(aaccf36e537c140689af50d311b55293) Importer(815301076,1909f56bfc062723c751e8b465ee728b)  -> (artifact id: '6401dd0b795cdaedf2009b86626f842f') in 0.291710 seconds 
========================================================================
Received Import Request.
  Time since last request: 0.000060 seconds.
  path: Assets/UI/Card/TarotCardFrame_Grey_001_1.png
  artifactKey: Guid(87e9bf81747794ff8a8fe38cccc957c9) Importer(815301076,1909f56bfc062723c751e8b465ee728b)
Start importing Assets/UI/Card/TarotCardFrame_Grey_001_1.png using Guid(87e9bf81747794ff8a8fe38cccc957c9) Importer(815301076,1909f56bfc062723c751e8b465ee728b)  -> (artifact id: 'ac8bea6b6d662307f9a9b8a64f4ab656') in 0.179337 seconds 
========================================================================
Received Import Request.
  Time since last request: 0.000074 seconds.
  path: Assets/UI/Card/TarotCardFrame_005.png
  artifactKey: Guid(ce9ee83a4c1524fdea41e49c22eae2cf) Importer(815301076,1909f56bfc062723c751e8b465ee728b)
Start importing Assets/UI/Card/TarotCardFrame_005.png using Guid(ce9ee83a4c1524fdea41e49c22eae2cf) Importer(815301076,1909f56bfc062723c751e8b465ee728b)  -> (artifact id: 'a1c37ab590a87ee562f289b2e1361b0e') in 0.186073 seconds 
========================================================================
Received Import Request.
  Time since last request: 0.000066 seconds.
  path: Assets/UI/Card/TarotCardFrame_006.png
  artifactKey: Guid(86b2fa6cca5fb459dad6c3be8cbd0154) Importer(815301076,1909f56bfc062723c751e8b465ee728b)
Start importing Assets/UI/Card/TarotCardFrame_006.png using Guid(86b2fa6cca5fb459dad6c3be8cbd0154) Importer(815301076,1909f56bfc062723c751e8b465ee728b)  -> (artifact id: '562f51b85be1dee978f61e51c2eddd00') in 0.177219 seconds 
========================================================================
Received Import Request.
  Time since last request: 0.000053 seconds.
  path: Assets/UI/Card/TarotCardTemplate_InnerBorderPath.png
  artifactKey: Guid(fa43da3641c46469eb05e92387880f1c) Importer(815301076,1909f56bfc062723c751e8b465ee728b)
Start importing Assets/UI/Card/TarotCardTemplate_InnerBorderPath.png using Guid(fa43da3641c46469eb05e92387880f1c) Importer(815301076,1909f56bfc062723c751e8b465ee728b)  -> (artifact id: '1fdff20c162ffd791e52e6012ba859ef') in 0.184915 seconds 
========================================================================
Received Import Request.
  Time since last request: 2.250127 seconds.
  path: Assets/UI/Card/TarotCardFrame_001.png
  artifactKey: Guid(d2b6fc6a737894598a9c1b5cd3439df4) Importer(815301076,1909f56bfc062723c751e8b465ee728b)
Start importing Assets/UI/Card/TarotCardFrame_001.png using Guid(d2b6fc6a737894598a9c1b5cd3439df4) Importer(815301076,1909f56bfc062723c751e8b465ee728b)  -> (artifact id: '0d9cdcac1fa3286b13b2b7fabb20bf1c') in 0.174384 seconds 
