Unity Editor version:    2021.3.20f1 (577897200b8b)
Branch:                  2021.3/staging
Build type:              Release
Batch mode:              YES
macOS version:           Version 11.4 (Build 20F71)
Darwin version:          20.5.0
Architecture:            x86_64
Running under Rosetta:   NO
Available memory:        16384 MB
Using pre-set license
Pro License: YES

COMMAND LINE ARGUMENTS:
/Applications/Unity/Hub/Editor/2021.3.20f1/Unity.app/Contents/MacOS/Unity
-adb2
-batchMode
-noUpm
-name
AssetImportWorker0
-projectPath
/Users/jingtan/Documents/GitHub/shuriken-vfx-magic
-logFile
Logs/AssetImportWorker0.log
-srvPort
52807
Successfully changed project path to: /Users/jingtan/Documents/GitHub/shuriken-vfx-magic
/Users/jingtan/Documents/GitHub/shuriken-vfx-magic
[UnityMemory] Configuration Parameters - Can be set up in boot.config
    "memorysetup-bucket-allocator-granularity=16"
    "memorysetup-bucket-allocator-bucket-count=8"
    "memorysetup-bucket-allocator-block-size=33554432"
    "memorysetup-bucket-allocator-block-count=8"
    "memorysetup-main-allocator-block-size=16777216"
    "memorysetup-thread-allocator-block-size=16777216"
    "memorysetup-gfx-main-allocator-block-size=16777216"
    "memorysetup-gfx-thread-allocator-block-size=16777216"
    "memorysetup-cache-allocator-block-size=4194304"
    "memorysetup-typetree-allocator-block-size=2097152"
    "memorysetup-profiler-bucket-allocator-granularity=16"
    "memorysetup-profiler-bucket-allocator-bucket-count=8"
    "memorysetup-profiler-bucket-allocator-block-size=33554432"
    "memorysetup-profiler-bucket-allocator-block-count=8"
    "memorysetup-profiler-allocator-block-size=16777216"
    "memorysetup-profiler-editor-allocator-block-size=1048576"
    "memorysetup-temp-allocator-size-main=16777216"
    "memorysetup-job-temp-allocator-block-size=2097152"
    "memorysetup-job-temp-allocator-block-size-background=1048576"
    "memorysetup-job-temp-allocator-reduction-small-platforms=262144"
    "memorysetup-temp-allocator-size-background-worker=32768"
    "memorysetup-temp-allocator-size-job-worker=262144"
    "memorysetup-temp-allocator-size-preload-manager=33554432"
    "memorysetup-temp-allocator-size-nav-mesh-worker=65536"
    "memorysetup-temp-allocator-size-audio-worker=65536"
    "memorysetup-temp-allocator-size-cloud-worker=32768"
    "memorysetup-temp-allocator-size-gi-baking-worker=262144"
    "memorysetup-temp-allocator-size-gfx=262144"
Player connection [4772097536] Host "[IP] 192.168.1.218 [Port] 0 [Flags] 2 [Guid] 4292918299 [EditorId] 4292918299 [Version] 1048832 [Id] OSXEditor(0,Jings-MacBook-Pro) [Debug] 1 [PackageName] OSXEditor [ProjectName] Editor" joined multi-casting on [225.0.0.222:54997]...

Player connection [4772097536] Host "[IP] 192.168.1.218 [Port] 0 [Flags] 2 [Guid] 4292918299 [EditorId] 4292918299 [Version] 1048832 [Id] OSXEditor(0,Jings-MacBook-Pro) [Debug] 1 [PackageName] OSXEditor [ProjectName] Editor" joined alternative multi-casting on [225.0.0.222:34997]...

Refreshing native plugins compatible for Editor in 68.92 ms, found 3 plugins.
Preloading 0 native plugins for Editor in 0.00 ms.
Initialize engine version: 2021.3.20f1 (577897200b8b)
[Subsystems] Discovering subsystems at path /Applications/Unity/Hub/Editor/2021.3.20f1/Unity.app/Contents/Resources/UnitySubsystems
[Subsystems] Discovering subsystems at path /Users/jingtan/Documents/GitHub/shuriken-vfx-magic/Assets
GfxDevice: creating device client; threaded=0; jobified=0
Color LCD preferred device: AMD Radeon Pro 5500M (high power)
Metal devices available: 2
0: AMD Radeon Pro 5500M (high power)
1: Intel(R) UHD Graphics 630 (low power)
Using device AMD Radeon Pro 5500M (high power)
Initializing Metal device caps: AMD Radeon Pro 5500M
Initialize mono
Mono path[0] = '/Applications/Unity/Hub/Editor/2021.3.20f1/Unity.app/Contents/Managed'
Mono path[1] = '/Applications/Unity/Hub/Editor/2021.3.20f1/Unity.app/Contents/MonoBleedingEdge/lib/mono/unityjit-macos'
Mono config path = '/Applications/Unity/Hub/Editor/2021.3.20f1/Unity.app/Contents/MonoBleedingEdge/etc'
Using monoOptions --debugger-agent=transport=dt_socket,embedding=1,server=y,suspend=n,address=127.0.0.1:56664
Begin MonoManager ReloadAssembly
Registering precompiled unity dll's ...
Register platform support module: /Applications/Unity/Hub/Editor/2021.3.20f1/Unity.app/Contents/PlaybackEngines/MacStandaloneSupport/UnityEditor.OSXStandalone.Extensions.dll
Register platform support module: /Applications/Unity/Hub/Editor/2021.3.20f1/PlaybackEngines/AndroidPlayer/UnityEditor.Android.Extensions.dll
Register platform support module: /Applications/Unity/Hub/Editor/2021.3.20f1/PlaybackEngines/iOSSupport/UnityEditor.iOS.Extensions.dll
Registered in 0.005769 seconds.
[usbmuxd] Start listen thread
[usbmuxd] Listen thread started
[usbmuxd] Send listen message
Native extension for iOS target not found
Native extension for Android target not found
Android Extension - Scanning For ADB Devices 85 ms
Native extension for OSXStandalone target not found
Refreshing native plugins compatible for Editor in 50.76 ms, found 3 plugins.
Preloading 0 native plugins for Editor in 0.00 ms.
Mono: successfully reloaded assembly
- Completed reload, in  1.059 seconds
Domain Reload Profiling:
	ReloadAssembly (1060ms)
		BeginReloadAssembly (194ms)
			ExecutionOrderSort (0ms)
			DisableScriptedObjects (0ms)
			BackupInstance (0ms)
			ReleaseScriptingObjects (0ms)
			CreateAndSetChildDomain (1ms)
		EndReloadAssembly (738ms)
			LoadAssemblies (196ms)
			RebuildTransferFunctionScriptingTraits (0ms)
			SetupTypeCache (160ms)
			ReleaseScriptCaches (0ms)
			RebuildScriptCaches (38ms)
			SetupLoadedEditorAssemblies (475ms)
				LogAssemblyErrors (0ms)
				InitializePlatformSupportModulesInManaged (259ms)
				SetLoadedEditorAssemblies (0ms)
				RefreshPlugins (51ms)
				BeforeProcessingInitializeOnLoad (2ms)
				ProcessInitializeOnLoadAttributes (102ms)
				ProcessInitializeOnLoadMethodAttributes (61ms)
				AfterProcessingInitializeOnLoad (0ms)
				EditorAssembliesLoaded (0ms)
			ExecutionOrderSort2 (0ms)
			AwakeInstancesAfterBackupRestoration (0ms)
Platform modules already initialized, skipping
Registering precompiled user dll's ...
Registered in 0.007314 seconds.
Begin MonoManager ReloadAssembly
Native extension for iOS target not found
Native extension for Android target not found
Native extension for OSXStandalone target not found
Refreshing native plugins compatible for Editor in 0.71 ms, found 3 plugins.
Preloading 0 native plugins for Editor in 0.00 ms.
Mono: successfully reloaded assembly
- Completed reload, in  1.510 seconds
Domain Reload Profiling:
	ReloadAssembly (1511ms)
		BeginReloadAssembly (182ms)
			ExecutionOrderSort (0ms)
			DisableScriptedObjects (9ms)
			BackupInstance (0ms)
			ReleaseScriptingObjects (0ms)
			CreateAndSetChildDomain (44ms)
		EndReloadAssembly (1181ms)
			LoadAssemblies (179ms)
			RebuildTransferFunctionScriptingTraits (0ms)
			SetupTypeCache (281ms)
			ReleaseScriptCaches (1ms)
			RebuildScriptCaches (80ms)
			SetupLoadedEditorAssemblies (595ms)
				LogAssemblyErrors (0ms)
				InitializePlatformSupportModulesInManaged (36ms)
				SetLoadedEditorAssemblies (1ms)
				RefreshPlugins (1ms)
				BeforeProcessingInitializeOnLoad (74ms)
				ProcessInitializeOnLoadAttributes (298ms)
				ProcessInitializeOnLoadMethodAttributes (183ms)
				AfterProcessingInitializeOnLoad (3ms)
				EditorAssembliesLoaded (0ms)
			ExecutionOrderSort2 (0ms)
			AwakeInstancesAfterBackupRestoration (5ms)
Platform modules already initialized, skipping
========================================================================
Worker process is ready to serve import requests
Launching external process: /Applications/Unity/Hub/Editor/2021.3.20f1/Unity.app/Contents/Tools/UnityShaderCompiler
Launched and connected shader compiler UnityShaderCompiler after 0.02 seconds
Refreshing native plugins compatible for Editor in 0.65 ms, found 3 plugins.
Preloading 0 native plugins for Editor in 0.00 ms.
Unloading 2657 Unused Serialized files (Serialized files now loaded: 0)
Unloading 78 unused Assets / (1.3 MB). Loaded Objects now: 3108.
Memory consumption went from 121.7 MB to 120.4 MB.
Total: 7.388165 ms (FindLiveObjects: 0.247033 ms CreateObjectMapping: 0.150464 ms MarkObjects: 6.571737 ms  DeleteObjects: 0.397758 ms)

AssetImportParameters requested are different than current active one (requested -> active):
  custom:video-decoder-ogg-theora: a1e56fd34408186e4bbccfd4996cb3dc -> 
  custom:container-muxer-webm: aa71ff27fc2769a1b78a27578f13a17b -> 
  custom:container-demuxer-webm: 4f35f7cbe854078d1ac9338744f61a02 -> 
  custom:video-encoder-webm-vp8: eb34c28f22e8b96e1ab97ce403110664 -> 
  custom:framework-osx-AVFoundation: e770b220cccbd017edd2c1fefb359320 -> 
  custom:audio-encoder-webm-vorbis: bf7c407c2cedff20999df2af8eb42d56 -> 
  custom:container-demuxer-ogg: 62fdf1f143b41e24485cea50d1cbac27 -> 
  custom:video-decoder-webm-vp8: 9c59270c3fd7afecdb556c50c9e8de78 -> 
  custom:audio-decoder-ogg-vorbis: bf7c407c2cedff20999df2af8eb42d56 -> 
========================================================================
Received Import Request.
  Time since last request: 80700.643504 seconds.
  path: Assets/UI/TarotCard/TarotCardVFX/TarotCardGlowVFX.mat
  artifactKey: Guid(a4f78fca8142f470ab8b973330ff9217) Importer(815301076,1909f56bfc062723c751e8b465ee728b)
Start importing Assets/UI/TarotCard/TarotCardVFX/TarotCardGlowVFX.mat using Guid(a4f78fca8142f470ab8b973330ff9217) Importer(815301076,1909f56bfc062723c751e8b465ee728b)  -> (artifact id: '6e6d12e9d9336c299c9a7fc4609098eb') in 2.273754 seconds 
========================================================================
Received Import Request.
  Time since last request: 125.544227 seconds.
  path: Assets/UI/TarotCard/TarotCardVFX/GlowFlare.jpeg
  artifactKey: Guid(ed935cb91d4934ee387fb571ec92a1f8) Importer(815301076,1909f56bfc062723c751e8b465ee728b)
Start importing Assets/UI/TarotCard/TarotCardVFX/GlowFlare.jpeg using Guid(ed935cb91d4934ee387fb571ec92a1f8) Importer(815301076,1909f56bfc062723c751e8b465ee728b)  -> (artifact id: '3c70a42056bb9922aa0b44b8196626a4') in 1.183068 seconds 
========================================================================
Received Import Request.
  Time since last request: 554.237316 seconds.
  path: ProjectSettings/TagManager.asset
  artifactKey: Guid(00000000000000003000000000000000) Importer(815301076,1909f56bfc062723c751e8b465ee728b)
Start importing ProjectSettings/TagManager.asset using Guid(00000000000000003000000000000000) Importer(815301076,1909f56bfc062723c751e8b465ee728b)  -> (artifact id: '7f3fdbcaaca82303d12353c91014d266') in 0.377926 seconds 
========================================================================
Received Import Request.
  Time since last request: 443.871634 seconds.
  path: Assets/UI/TarotCard/TarotCardVFX/TarotCardGlowVFX.mat
  artifactKey: Guid(a4f78fca8142f470ab8b973330ff9217) Importer(815301076,1909f56bfc062723c751e8b465ee728b)
Start importing Assets/UI/TarotCard/TarotCardVFX/TarotCardGlowVFX.mat using Guid(a4f78fca8142f470ab8b973330ff9217) Importer(815301076,1909f56bfc062723c751e8b465ee728b)  -> (artifact id: '93f1a0c7c51b3b07452d591635631f5e') in 0.203605 seconds 
========================================================================
Received Import Request.
  Time since last request: 16309.030497 seconds.
  path: Assets/UI/TarotCard/TarotCardVFX/GlowFlare 1.jpeg
  artifactKey: Guid(241e05c0d375648f7a121c9b592e43e6) Importer(815301076,1909f56bfc062723c751e8b465ee728b)
Start importing Assets/UI/TarotCard/TarotCardVFX/GlowFlare 1.jpeg using Guid(241e05c0d375648f7a121c9b592e43e6) Importer(815301076,1909f56bfc062723c751e8b465ee728b)  -> (artifact id: 'a1b39631cde882498e79359c7d6c26a3') in 0.129586 seconds 
========================================================================
Received Import Request.
  Time since last request: 4.501065 seconds.
  path: Assets/UI/TarotCard/TarotCardVFX/GlowCircle.jpeg
  artifactKey: Guid(241e05c0d375648f7a121c9b592e43e6) Importer(815301076,1909f56bfc062723c751e8b465ee728b)
Start importing Assets/UI/TarotCard/TarotCardVFX/GlowCircle.jpeg using Guid(241e05c0d375648f7a121c9b592e43e6) Importer(815301076,1909f56bfc062723c751e8b465ee728b)  -> (artifact id: 'dd61258fc40ddebbd5a406a82fc3a5e5') in 0.016577 seconds 
========================================================================
Received Import Request.
  Time since last request: 4.929207 seconds.
  path: Assets/UI/TarotCard/TarotCardVFX/GlowDot.jpeg
  artifactKey: Guid(241e05c0d375648f7a121c9b592e43e6) Importer(815301076,1909f56bfc062723c751e8b465ee728b)
Start importing Assets/UI/TarotCard/TarotCardVFX/GlowDot.jpeg using Guid(241e05c0d375648f7a121c9b592e43e6) Importer(815301076,1909f56bfc062723c751e8b465ee728b)  -> (artifact id: '55968ffb9bb44c96f0bebaa83f268a72') in 0.018194 seconds 
========================================================================
Received Import Request.
  Time since last request: 4.968652 seconds.
  path: Assets/UI/TarotCard/TarotCardVFX/TarotCardGlowVFX 1.mat
  artifactKey: Guid(c6eb7eaf4064c427cbbad26372ec27cb) Importer(815301076,1909f56bfc062723c751e8b465ee728b)
Start importing Assets/UI/TarotCard/TarotCardVFX/TarotCardGlowVFX 1.mat using Guid(c6eb7eaf4064c427cbbad26372ec27cb) Importer(815301076,1909f56bfc062723c751e8b465ee728b)  -> (artifact id: 'c0fa288310b00ce6178601f04b5b8dfe') in 0.046236 seconds 
========================================================================
Received Import Request.
  Time since last request: 2.812310 seconds.
  path: Assets/UI/TarotCard/TarotCardVFX/GlowDot.mat
  artifactKey: Guid(c6eb7eaf4064c427cbbad26372ec27cb) Importer(815301076,1909f56bfc062723c751e8b465ee728b)
Start importing Assets/UI/TarotCard/TarotCardVFX/GlowDot.mat using Guid(c6eb7eaf4064c427cbbad26372ec27cb) Importer(815301076,1909f56bfc062723c751e8b465ee728b)  -> (artifact id: 'de8f990d820d6977620a6eff230f4476') in 0.016134 seconds 
========================================================================
Received Import Request.
  Time since last request: 1272.644703 seconds.
  path: Assets/UI/TarotCard/TarotCardVFX/GlowDot.mat
  artifactKey: Guid(c6eb7eaf4064c427cbbad26372ec27cb) Importer(815301076,1909f56bfc062723c751e8b465ee728b)
Start importing Assets/UI/TarotCard/TarotCardVFX/GlowDot.mat using Guid(c6eb7eaf4064c427cbbad26372ec27cb) Importer(815301076,1909f56bfc062723c751e8b465ee728b)  -> (artifact id: '4aeebd624645da40b2faef06d7dce62d') in 0.082099 seconds 
========================================================================
Received Import Request.
  Time since last request: 465.547027 seconds.
  path: Assets/UI/TarotCard/TarotCardVFX/GlowDotDefault.mat
  artifactKey: Guid(c6eb7eaf4064c427cbbad26372ec27cb) Importer(815301076,1909f56bfc062723c751e8b465ee728b)
Start importing Assets/UI/TarotCard/TarotCardVFX/GlowDotDefault.mat using Guid(c6eb7eaf4064c427cbbad26372ec27cb) Importer(815301076,1909f56bfc062723c751e8b465ee728b)  -> (artifact id: '7cbafd9b7dbf8dd395c97a6ddec02f1c') in 0.023091 seconds 
========================================================================
Received Import Request.
  Time since last request: 3.301152 seconds.
  path: Assets/UI/TarotCard/TarotCardVFX/GlowDotDefault 1.mat
  artifactKey: Guid(0860f74bd67a84091b668c2d2afe2c6e) Importer(815301076,1909f56bfc062723c751e8b465ee728b)
Start importing Assets/UI/TarotCard/TarotCardVFX/GlowDotDefault 1.mat using Guid(0860f74bd67a84091b668c2d2afe2c6e) Importer(815301076,1909f56bfc062723c751e8b465ee728b)  -> (artifact id: 'e19ef1c249b57939d6705364d069f6cf') in 0.019270 seconds 
========================================================================
Received Import Request.
  Time since last request: 3.732883 seconds.
  path: Assets/UI/TarotCard/TarotCardVFX/GlowDot.mat
  artifactKey: Guid(0860f74bd67a84091b668c2d2afe2c6e) Importer(815301076,1909f56bfc062723c751e8b465ee728b)
Start importing Assets/UI/TarotCard/TarotCardVFX/GlowDot.mat using Guid(0860f74bd67a84091b668c2d2afe2c6e) Importer(815301076,1909f56bfc062723c751e8b465ee728b)  -> (artifact id: '29610a22e3da2d3d2cae3f6a387198d4') in 0.011951 seconds 
========================================================================
Received Import Request.
  Time since last request: 7.580052 seconds.
  path: Assets/UI/TarotCard/TarotCardVFX/GlowDot.mat
  artifactKey: Guid(0860f74bd67a84091b668c2d2afe2c6e) Importer(815301076,1909f56bfc062723c751e8b465ee728b)
Start importing Assets/UI/TarotCard/TarotCardVFX/GlowDot.mat using Guid(0860f74bd67a84091b668c2d2afe2c6e) Importer(815301076,1909f56bfc062723c751e8b465ee728b)  -> (artifact id: '46e754e0f222f3632cc8d7af0a4e9ce4') in 0.015131 seconds 
AssetImportWorkerClient::OnTransportError - code=2 error=End of file
