
=== Thu Jun  8 11:34:43 2023

Packages were changed.
Update Mode: updateDependencies

The following packages were added:
  com.unity.ide.visualstudio@2.0.17
The following packages were updated:
  com.unity.ads from version 3.4.4 to 4.4.1
  com.unity.analytics from version 3.3.5 to 3.6.12
  com.unity.collab-proxy from version 1.2.16 to 2.0.1
  com.unity.ide.rider from version 1.1.4 to 3.0.18
  com.unity.ide.vscode from version 1.1.4 to 1.2.5
  com.unity.postprocessing from version 2.3.0 to 3.2.2
  com.unity.purchasing from version 2.0.6 to 4.6.0
  com.unity.recorder from version 2.4.0-preview.1 to 3.0.3
  com.unity.test-framework from version 1.1.13 to 1.1.31
  com.unity.textmeshpro from version 2.0.1 to 3.0.6
  com.unity.timeline from version 1.2.6 to 1.6.4
  com.unity.xr.legacyinputhelpers from version 1.3.11 to 2.1.10
The following packages were removed:
  com.unity.multiplayer-hlapi@1.0.4
